<?xml version="1.0" encoding="UTF-8"?>
<testsuite name="MainTest" tests="2" skipped="0" failures="0" errors="0" timestamp="2020-03-05T17:13:38" hostname="MacBook-Air-2.local" time="0.006">
  <properties/>
  <testcase name="testFireDamage" classname="MainTest" time="0.004"/>
  <testcase name="testIceDamage" classname="MainTest" time="0.001"/>
  <system-out><![CDATA[]]></system-out>
  <system-err><![CDATA[]]></system-err>
</testsuite>
